<?xml version="1.0" encoding="UTF-8"?>
<testsuite xmlns:xsi="http://www.w3.org/2001/XMLSchema-instance" xsi:noNamespaceSchemaLocation="https://maven.apache.org/surefire/maven-surefire-plugin/xsd/surefire-test-report.xsd" name="org.telegram.AppTest" time="0.094" tests="1" errors="0" skipped="0" failures="0">
  <properties>
    <property name="java.specification.version" value="18"/>
    <property name="sun.cpu.isalist" value="amd64"/>
    <property name="sun.jnu.encoding" value="Cp1252"/>
    <property name="java.class.path" value="C:\Users\Irod\Documents\Java\Springboot\bot\New folder\telegrambots\target\test-classes;C:\Users\Irod\Documents\Java\Springboot\bot\New folder\telegrambots\target\classes;C:\Users\Irod\.m2\repository\junit\junit\4.11\junit-4.11.jar;C:\Users\Irod\.m2\repository\org\hamcrest\hamcrest-core\1.3\hamcrest-core-1.3.jar;C:\Users\Irod\.m2\repository\com\googlecode\json-simple\json-simple\1.1.1\json-simple-1.1.1.jar;C:\Users\Irod\.m2\repository\org\telegram\telegrambots\6.5.0\telegrambots-6.5.0.jar;C:\Users\Irod\.m2\repository\org\telegram\telegrambots-meta\6.5.0\telegrambots-meta-6.5.0.jar;C:\Users\Irod\.m2\repository\org\apache\commons\commons-lang3\3.12.0\commons-lang3-3.12.0.jar;C:\Users\Irod\.m2\repository\com\fasterxml\jackson\core\jackson-annotations\2.14.0\jackson-annotations-2.14.0.jar;C:\Users\Irod\.m2\repository\com\fasterxml\jackson\jaxrs\jackson-jaxrs-json-provider\2.14.0\jackson-jaxrs-json-provider-2.14.0.jar;C:\Users\Irod\.m2\repository\com\fasterxml\jackson\jaxrs\jackson-jaxrs-base\2.14.0\jackson-jaxrs-base-2.14.0.jar;C:\Users\Irod\.m2\repository\com\fasterxml\jackson\module\jackson-module-jaxb-annotations\2.14.0\jackson-module-jaxb-annotations-2.14.0.jar;C:\Users\Irod\.m2\repository\com\fasterxml\jackson\core\jackson-core\2.14.0\jackson-core-2.14.0.jar;C:\Users\Irod\.m2\repository\jakarta\xml\bind\jakarta.xml.bind-api\2.3.3\jakarta.xml.bind-api-2.3.3.jar;C:\Users\Irod\.m2\repository\com\fasterxml\jackson\core\jackson-databind\2.14.0\jackson-databind-2.14.0.jar;C:\Users\Irod\.m2\repository\org\glassfish\jersey\inject\jersey-hk2\2.35\jersey-hk2-2.35.jar;C:\Users\Irod\.m2\repository\org\glassfish\jersey\core\jersey-common\2.35\jersey-common-2.35.jar;C:\Users\Irod\.m2\repository\org\glassfish\hk2\osgi-resource-locator\1.0.3\osgi-resource-locator-1.0.3.jar;C:\Users\Irod\.m2\repository\org\glassfish\hk2\hk2-locator\2.6.1\hk2-locator-2.6.1.jar;C:\Users\Irod\.m2\repository\org\glassfish\hk2\external\aopalliance-repackaged\2.6.1\aopalliance-repackaged-2.6.1.jar;C:\Users\Irod\.m2\repository\org\glassfish\hk2\hk2-api\2.6.1\hk2-api-2.6.1.jar;C:\Users\Irod\.m2\repository\org\glassfish\hk2\hk2-utils\2.6.1\hk2-utils-2.6.1.jar;C:\Users\Irod\.m2\repository\org\javassist\javassist\3.25.0-GA\javassist-3.25.0-GA.jar;C:\Users\Irod\.m2\repository\org\glassfish\jersey\media\jersey-media-json-jackson\2.35\jersey-media-json-jackson-2.35.jar;C:\Users\Irod\.m2\repository\org\glassfish\jersey\ext\jersey-entity-filtering\2.35\jersey-entity-filtering-2.35.jar;C:\Users\Irod\.m2\repository\org\glassfish\jersey\containers\jersey-container-grizzly2-http\2.35\jersey-container-grizzly2-http-2.35.jar;C:\Users\Irod\.m2\repository\org\glassfish\hk2\external\jakarta.inject\2.6.1\jakarta.inject-2.6.1.jar;C:\Users\Irod\.m2\repository\org\glassfish\grizzly\grizzly-http-server\2.4.4\grizzly-http-server-2.4.4.jar;C:\Users\Irod\.m2\repository\org\glassfish\grizzly\grizzly-http\2.4.4\grizzly-http-2.4.4.jar;C:\Users\Irod\.m2\repository\org\glassfish\grizzly\grizzly-framework\2.4.4\grizzly-framework-2.4.4.jar;C:\Users\Irod\.m2\repository\jakarta\ws\rs\jakarta.ws.rs-api\2.1.6\jakarta.ws.rs-api-2.1.6.jar;C:\Users\Irod\.m2\repository\org\glassfish\jersey\core\jersey-server\2.35\jersey-server-2.35.jar;C:\Users\Irod\.m2\repository\org\glassfish\jersey\core\jersey-client\2.35\jersey-client-2.35.jar;C:\Users\Irod\.m2\repository\jakarta\annotation\jakarta.annotation-api\1.3.5\jakarta.annotation-api-1.3.5.jar;C:\Users\Irod\.m2\repository\jakarta\validation\jakarta.validation-api\2.0.2\jakarta.validation-api-2.0.2.jar;C:\Users\Irod\.m2\repository\org\apache\httpcomponents\httpclient\4.5.13\httpclient-4.5.13.jar;C:\Users\Irod\.m2\repository\org\apache\httpcomponents\httpcore\4.4.13\httpcore-4.4.13.jar;C:\Users\Irod\.m2\repository\commons-logging\commons-logging\1.2\commons-logging-1.2.jar;C:\Users\Irod\.m2\repository\commons-codec\commons-codec\1.11\commons-codec-1.11.jar;C:\Users\Irod\.m2\repository\org\apache\httpcomponents\httpmime\4.5.13\httpmime-4.5.13.jar;C:\Users\Irod\.m2\repository\commons-io\commons-io\2.11.0\commons-io-2.11.0.jar;C:\Users\Irod\.m2\repository\org\slf4j\slf4j-api\2.0.3\slf4j-api-2.0.3.jar;C:\Users\Irod\.m2\repository\com\google\maps\google-maps-services\2.2.0\google-maps-services-2.2.0.jar;C:\Users\Irod\.m2\repository\com\squareup\okhttp3\okhttp\4.10.0\okhttp-4.10.0.jar;C:\Users\Irod\.m2\repository\com\squareup\okio\okio-jvm\3.0.0\okio-jvm-3.0.0.jar;C:\Users\Irod\.m2\repository\org\jetbrains\kotlin\kotlin-stdlib-jdk8\1.5.31\kotlin-stdlib-jdk8-1.5.31.jar;C:\Users\Irod\.m2\repository\org\jetbrains\kotlin\kotlin-stdlib-jdk7\1.5.31\kotlin-stdlib-jdk7-1.5.31.jar;C:\Users\Irod\.m2\repository\org\jetbrains\kotlin\kotlin-stdlib-common\1.5.31\kotlin-stdlib-common-1.5.31.jar;C:\Users\Irod\.m2\repository\org\jetbrains\kotlin\kotlin-stdlib\1.6.20\kotlin-stdlib-1.6.20.jar;C:\Users\Irod\.m2\repository\org\jetbrains\annotations\13.0\annotations-13.0.jar;C:\Users\Irod\.m2\repository\com\google\code\gson\gson\2.10.1\gson-2.10.1.jar;C:\Users\Irod\.m2\repository\io\opencensus\opencensus-api\0.31.0\opencensus-api-0.31.0.jar;C:\Users\Irod\.m2\repository\io\grpc\grpc-context\1.27.2\grpc-context-1.27.2.jar;C:\Users\Irod\.m2\repository\com\github\jsimone\webapp-runner\9.0.27.1\webapp-runner-9.0.27.1.jar;C:\Users\Irod\.m2\repository\org\apache\tomcat\embed\tomcat-embed-core\9.0.27\tomcat-embed-core-9.0.27.jar;C:\Users\Irod\.m2\repository\org\apache\tomcat\tomcat-annotations-api\9.0.27\tomcat-annotations-api-9.0.27.jar;C:\Users\Irod\.m2\repository\org\apache\tomcat\embed\tomcat-embed-logging-juli\9.0.0.M6\tomcat-embed-logging-juli-9.0.0.M6.jar;C:\Users\Irod\.m2\repository\org\apache\tomcat\embed\tomcat-embed-jasper\9.0.27\tomcat-embed-jasper-9.0.27.jar;C:\Users\Irod\.m2\repository\org\apache\tomcat\embed\tomcat-embed-el\9.0.27\tomcat-embed-el-9.0.27.jar;C:\Users\Irod\.m2\repository\org\eclipse\jdt\ecj\3.18.0\ecj-3.18.0.jar;C:\Users\Irod\.m2\repository\org\apache\tomcat\tomcat-jasper\9.0.27\tomcat-jasper-9.0.27.jar;C:\Users\Irod\.m2\repository\org\apache\tomcat\tomcat-servlet-api\9.0.27\tomcat-servlet-api-9.0.27.jar;C:\Users\Irod\.m2\repository\org\apache\tomcat\tomcat-juli\9.0.27\tomcat-juli-9.0.27.jar;C:\Users\Irod\.m2\repository\org\apache\tomcat\tomcat-el-api\9.0.27\tomcat-el-api-9.0.27.jar;C:\Users\Irod\.m2\repository\org\apache\tomcat\tomcat-api\9.0.27\tomcat-api-9.0.27.jar;C:\Users\Irod\.m2\repository\org\apache\tomcat\tomcat-util-scan\9.0.27\tomcat-util-scan-9.0.27.jar;C:\Users\Irod\.m2\repository\org\apache\tomcat\tomcat-util\9.0.27\tomcat-util-9.0.27.jar;C:\Users\Irod\.m2\repository\org\apache\tomcat\tomcat-jasper-el\9.0.27\tomcat-jasper-el-9.0.27.jar;C:\Users\Irod\.m2\repository\org\apache\tomcat\tomcat-jsp-api\9.0.27\tomcat-jsp-api-9.0.27.jar;C:\Users\Irod\.m2\repository\org\apache\tomcat\embed\tomcat-embed-websocket\9.0.27\tomcat-embed-websocket-9.0.27.jar;C:\Users\Irod\.m2\repository\com\beust\jcommander\1.72\jcommander-1.72.jar;"/>
    <property name="java.vm.vendor" value="Oracle Corporation"/>
    <property name="sun.arch.data.model" value="64"/>
    <property name="user.variant" value=""/>
    <property name="java.vendor.url" value="https://java.oracle.com/"/>
    <property name="user.timezone" value="Africa/Nairobi"/>
    <property name="user.country.format" value="KE"/>
    <property name="os.name" value="Windows 10"/>
    <property name="java.vm.specification.version" value="18"/>
    <property name="sun.java.launcher" value="SUN_STANDARD"/>
    <property name="user.country" value="US"/>
    <property name="sun.boot.library.path" value="E:\jdk-18.0.2.1\bin"/>
    <property name="sun.java.command" value="C:\Users\Irod\AppData\Local\Temp\surefire4595718353634617948\surefirebooter16814321239784559777.jar C:\Users\Irod\AppData\Local\Temp\surefire4595718353634617948 2023-05-26T10-22-18_963-jvmRun1 surefire12987027972049105596tmp surefire_011611203466021228081tmp"/>
    <property name="jdk.debug" value="release"/>
    <property name="surefire.test.class.path" value="C:\Users\Irod\Documents\Java\Springboot\bot\New folder\telegrambots\target\test-classes;C:\Users\Irod\Documents\Java\Springboot\bot\New folder\telegrambots\target\classes;C:\Users\Irod\.m2\repository\junit\junit\4.11\junit-4.11.jar;C:\Users\Irod\.m2\repository\org\hamcrest\hamcrest-core\1.3\hamcrest-core-1.3.jar;C:\Users\Irod\.m2\repository\com\googlecode\json-simple\json-simple\1.1.1\json-simple-1.1.1.jar;C:\Users\Irod\.m2\repository\org\telegram\telegrambots\6.5.0\telegrambots-6.5.0.jar;C:\Users\Irod\.m2\repository\org\telegram\telegrambots-meta\6.5.0\telegrambots-meta-6.5.0.jar;C:\Users\Irod\.m2\repository\org\apache\commons\commons-lang3\3.12.0\commons-lang3-3.12.0.jar;C:\Users\Irod\.m2\repository\com\fasterxml\jackson\core\jackson-annotations\2.14.0\jackson-annotations-2.14.0.jar;C:\Users\Irod\.m2\repository\com\fasterxml\jackson\jaxrs\jackson-jaxrs-json-provider\2.14.0\jackson-jaxrs-json-provider-2.14.0.jar;C:\Users\Irod\.m2\repository\com\fasterxml\jackson\jaxrs\jackson-jaxrs-base\2.14.0\jackson-jaxrs-base-2.14.0.jar;C:\Users\Irod\.m2\repository\com\fasterxml\jackson\module\jackson-module-jaxb-annotations\2.14.0\jackson-module-jaxb-annotations-2.14.0.jar;C:\Users\Irod\.m2\repository\com\fasterxml\jackson\core\jackson-core\2.14.0\jackson-core-2.14.0.jar;C:\Users\Irod\.m2\repository\jakarta\xml\bind\jakarta.xml.bind-api\2.3.3\jakarta.xml.bind-api-2.3.3.jar;C:\Users\Irod\.m2\repository\com\fasterxml\jackson\core\jackson-databind\2.14.0\jackson-databind-2.14.0.jar;C:\Users\Irod\.m2\repository\org\glassfish\jersey\inject\jersey-hk2\2.35\jersey-hk2-2.35.jar;C:\Users\Irod\.m2\repository\org\glassfish\jersey\core\jersey-common\2.35\jersey-common-2.35.jar;C:\Users\Irod\.m2\repository\org\glassfish\hk2\osgi-resource-locator\1.0.3\osgi-resource-locator-1.0.3.jar;C:\Users\Irod\.m2\repository\org\glassfish\hk2\hk2-locator\2.6.1\hk2-locator-2.6.1.jar;C:\Users\Irod\.m2\repository\org\glassfish\hk2\external\aopalliance-repackaged\2.6.1\aopalliance-repackaged-2.6.1.jar;C:\Users\Irod\.m2\repository\org\glassfish\hk2\hk2-api\2.6.1\hk2-api-2.6.1.jar;C:\Users\Irod\.m2\repository\org\glassfish\hk2\hk2-utils\2.6.1\hk2-utils-2.6.1.jar;C:\Users\Irod\.m2\repository\org\javassist\javassist\3.25.0-GA\javassist-3.25.0-GA.jar;C:\Users\Irod\.m2\repository\org\glassfish\jersey\media\jersey-media-json-jackson\2.35\jersey-media-json-jackson-2.35.jar;C:\Users\Irod\.m2\repository\org\glassfish\jersey\ext\jersey-entity-filtering\2.35\jersey-entity-filtering-2.35.jar;C:\Users\Irod\.m2\repository\org\glassfish\jersey\containers\jersey-container-grizzly2-http\2.35\jersey-container-grizzly2-http-2.35.jar;C:\Users\Irod\.m2\repository\org\glassfish\hk2\external\jakarta.inject\2.6.1\jakarta.inject-2.6.1.jar;C:\Users\Irod\.m2\repository\org\glassfish\grizzly\grizzly-http-server\2.4.4\grizzly-http-server-2.4.4.jar;C:\Users\Irod\.m2\repository\org\glassfish\grizzly\grizzly-http\2.4.4\grizzly-http-2.4.4.jar;C:\Users\Irod\.m2\repository\org\glassfish\grizzly\grizzly-framework\2.4.4\grizzly-framework-2.4.4.jar;C:\Users\Irod\.m2\repository\jakarta\ws\rs\jakarta.ws.rs-api\2.1.6\jakarta.ws.rs-api-2.1.6.jar;C:\Users\Irod\.m2\repository\org\glassfish\jersey\core\jersey-server\2.35\jersey-server-2.35.jar;C:\Users\Irod\.m2\repository\org\glassfish\jersey\core\jersey-client\2.35\jersey-client-2.35.jar;C:\Users\Irod\.m2\repository\jakarta\annotation\jakarta.annotation-api\1.3.5\jakarta.annotation-api-1.3.5.jar;C:\Users\Irod\.m2\repository\jakarta\validation\jakarta.validation-api\2.0.2\jakarta.validation-api-2.0.2.jar;C:\Users\Irod\.m2\repository\org\apache\httpcomponents\httpclient\4.5.13\httpclient-4.5.13.jar;C:\Users\Irod\.m2\repository\org\apache\httpcomponents\httpcore\4.4.13\httpcore-4.4.13.jar;C:\Users\Irod\.m2\repository\commons-logging\commons-logging\1.2\commons-logging-1.2.jar;C:\Users\Irod\.m2\repository\commons-codec\commons-codec\1.11\commons-codec-1.11.jar;C:\Users\Irod\.m2\repository\org\apache\httpcomponents\httpmime\4.5.13\httpmime-4.5.13.jar;C:\Users\Irod\.m2\repository\commons-io\commons-io\2.11.0\commons-io-2.11.0.jar;C:\Users\Irod\.m2\repository\org\slf4j\slf4j-api\2.0.3\slf4j-api-2.0.3.jar;C:\Users\Irod\.m2\repository\com\google\maps\google-maps-services\2.2.0\google-maps-services-2.2.0.jar;C:\Users\Irod\.m2\repository\com\squareup\okhttp3\okhttp\4.10.0\okhttp-4.10.0.jar;C:\Users\Irod\.m2\repository\com\squareup\okio\okio-jvm\3.0.0\okio-jvm-3.0.0.jar;C:\Users\Irod\.m2\repository\org\jetbrains\kotlin\kotlin-stdlib-jdk8\1.5.31\kotlin-stdlib-jdk8-1.5.31.jar;C:\Users\Irod\.m2\repository\org\jetbrains\kotlin\kotlin-stdlib-jdk7\1.5.31\kotlin-stdlib-jdk7-1.5.31.jar;C:\Users\Irod\.m2\repository\org\jetbrains\kotlin\kotlin-stdlib-common\1.5.31\kotlin-stdlib-common-1.5.31.jar;C:\Users\Irod\.m2\repository\org\jetbrains\kotlin\kotlin-stdlib\1.6.20\kotlin-stdlib-1.6.20.jar;C:\Users\Irod\.m2\repository\org\jetbrains\annotations\13.0\annotations-13.0.jar;C:\Users\Irod\.m2\repository\com\google\code\gson\gson\2.10.1\gson-2.10.1.jar;C:\Users\Irod\.m2\repository\io\opencensus\opencensus-api\0.31.0\opencensus-api-0.31.0.jar;C:\Users\Irod\.m2\repository\io\grpc\grpc-context\1.27.2\grpc-context-1.27.2.jar;C:\Users\Irod\.m2\repository\com\github\jsimone\webapp-runner\9.0.27.1\webapp-runner-9.0.27.1.jar;C:\Users\Irod\.m2\repository\org\apache\tomcat\embed\tomcat-embed-core\9.0.27\tomcat-embed-core-9.0.27.jar;C:\Users\Irod\.m2\repository\org\apache\tomcat\tomcat-annotations-api\9.0.27\tomcat-annotations-api-9.0.27.jar;C:\Users\Irod\.m2\repository\org\apache\tomcat\embed\tomcat-embed-logging-juli\9.0.0.M6\tomcat-embed-logging-juli-9.0.0.M6.jar;C:\Users\Irod\.m2\repository\org\apache\tomcat\embed\tomcat-embed-jasper\9.0.27\tomcat-embed-jasper-9.0.27.jar;C:\Users\Irod\.m2\repository\org\apache\tomcat\embed\tomcat-embed-el\9.0.27\tomcat-embed-el-9.0.27.jar;C:\Users\Irod\.m2\repository\org\eclipse\jdt\ecj\3.18.0\ecj-3.18.0.jar;C:\Users\Irod\.m2\repository\org\apache\tomcat\tomcat-jasper\9.0.27\tomcat-jasper-9.0.27.jar;C:\Users\Irod\.m2\repository\org\apache\tomcat\tomcat-servlet-api\9.0.27\tomcat-servlet-api-9.0.27.jar;C:\Users\Irod\.m2\repository\org\apache\tomcat\tomcat-juli\9.0.27\tomcat-juli-9.0.27.jar;C:\Users\Irod\.m2\repository\org\apache\tomcat\tomcat-el-api\9.0.27\tomcat-el-api-9.0.27.jar;C:\Users\Irod\.m2\repository\org\apache\tomcat\tomcat-api\9.0.27\tomcat-api-9.0.27.jar;C:\Users\Irod\.m2\repository\org\apache\tomcat\tomcat-util-scan\9.0.27\tomcat-util-scan-9.0.27.jar;C:\Users\Irod\.m2\repository\org\apache\tomcat\tomcat-util\9.0.27\tomcat-util-9.0.27.jar;C:\Users\Irod\.m2\repository\org\apache\tomcat\tomcat-jasper-el\9.0.27\tomcat-jasper-el-9.0.27.jar;C:\Users\Irod\.m2\repository\org\apache\tomcat\tomcat-jsp-api\9.0.27\tomcat-jsp-api-9.0.27.jar;C:\Users\Irod\.m2\repository\org\apache\tomcat\embed\tomcat-embed-websocket\9.0.27\tomcat-embed-websocket-9.0.27.jar;C:\Users\Irod\.m2\repository\com\beust\jcommander\1.72\jcommander-1.72.jar;"/>
    <property name="sun.cpu.endian" value="little"/>
    <property name="user.home" value="C:\Users\Irod"/>
    <property name="user.language" value="en"/>
    <property name="java.specification.vendor" value="Oracle Corporation"/>
    <property name="java.version.date" value="2022-08-18"/>
    <property name="java.home" value="E:\jdk-18.0.2.1"/>
    <property name="file.separator" value="\"/>
    <property name="basedir" value="C:\Users\Irod\Documents\Java\Springboot\bot\New folder\telegrambots"/>
    <property name="java.vm.compressedOopsMode" value="Zero based"/>
    <property name="line.separator" value="&#10;"/>
    <property name="java.vm.specification.vendor" value="Oracle Corporation"/>
    <property name="java.specification.name" value="Java Platform API Specification"/>
    <property name="surefire.real.class.path" value="C:\Users\Irod\AppData\Local\Temp\surefire4595718353634617948\surefirebooter16814321239784559777.jar"/>
    <property name="user.script" value=""/>
    <property name="sun.management.compiler" value="HotSpot 64-Bit Tiered Compilers"/>
    <property name="java.runtime.version" value="18.0.2.1+1-1"/>
    <property name="user.name" value="Irod"/>
    <property name="path.separator" value=";"/>
    <property name="os.version" value="10.0"/>
    <property name="java.runtime.name" value="Java(TM) SE Runtime Environment"/>
    <property name="file.encoding" value="UTF-8"/>
    <property name="java.vm.name" value="Java HotSpot(TM) 64-Bit Server VM"/>
    <property name="localRepository" value="C:\Users\Irod\.m2\repository"/>
    <property name="java.vendor.url.bug" value="https://bugreport.java.com/bugreport/"/>
    <property name="java.io.tmpdir" value="C:\Users\Irod\AppData\Local\Temp\"/>
    <property name="java.version" value="18.0.2.1"/>
    <property name="user.dir" value="C:\Users\Irod\Documents\Java\Springboot\bot\New folder\telegrambots"/>
    <property name="os.arch" value="amd64"/>
    <property name="java.vm.specification.name" value="Java Virtual Machine Specification"/>
    <property name="sun.os.patch.level" value=""/>
    <property name="native.encoding" value="Cp1252"/>
    <property name="java.library.path" value="E:\jdk-18.0.2.1\bin;C:\Windows\Sun\Java\bin;C:\Windows\system32;C:\Windows;C:\Windows\system32;C:\Windows;C:\Windows\System32\Wbem;C:\Windows\System32\WindowsPowerShell\v1.0\;C:\Windows\System32\OpenSSH\;E:\jdk-18.0.2.1\bin;C:\Program Files\swipl\bin;C:\Users\Irod\Desktop\Comp Sci\3.1\Theory of computin\x\xfsm_api\windows\bin;C:\Users\Irod\Desktop\Comp Sci\3.1\Theory of computin\hfst\bin;E:\flutter\bin;C:\Users\Irod\Desktop\CompSci\3.2\CompilerConstruction\pracs\jacc;C:\Users\Irod\AppData\Local\Programs\Python\Python310;C:\Users\Irod\AppData\Local\Programs\Python\Python310\Scripts;E:\spring-3.0.2\bin;E:\apache-maven-3.9.0\bin;C:\Program Files\Git\cmd;C:\Users\Irod\AppData\Local\Microsoft\WindowsApps;C:\Users\Irod\AppData\Local\Programs\Microsoft VS Code\bin;C:\Users\Irod\AppData\Local\GitHubDesktop\bin;C:\Program Files\heroku\bin;."/>
    <property name="java.vm.info" value="mixed mode, sharing"/>
    <property name="java.vendor" value="Oracle Corporation"/>
    <property name="java.vm.version" value="18.0.2.1+1-1"/>
    <property name="sun.io.unicode.encoding" value="UnicodeLittle"/>
    <property name="java.class.version" value="62.0"/>
  </properties>
  <testcase name="shouldAnswerWithTrue" classname="org.telegram.AppTest" time="0.015"/>
</testsuite>